Iteration	Posterior	Likelihood	Prior	rate_log_sd	tree_length
0	-15221.65	-15648.05	426.402	1.004927	0.3686712
6	-17294.55	-17721.56	427.0119	0.4336689	0.5423557
12	-9715.065	-10138.26	423.1988	1.987426	2.419774
18	-15680.14	-16107.14	426.9965	0.3448428	0.769054
24	-19688.95	-20114.78	425.8284	0.7465931	0.09232598
30	-9817.333	-10241.06	423.7297	1.762509	2.224786
36	-9606.618	-10031.27	424.6536	2.500397	0.9880027
42	-15393.12	-15819.69	426.573	0.8681528	0.4402145
48	-14105.24	-14531.49	426.2449	1.196204	0.4402145
54	-13749.12	-14175.52	426.404	0.7987785	0.9372143
60	-13139.78	-13566.04	426.2609	1.045581	0.81638
66	-11788.42	-12213.92	425.4926	1.12039	1.450458
72	-14582.42	-15008.72	426.3032	1.12039	0.3956515
78	-14950.4	-15377.21	426.8082	0.2384564	1.09146
84	-9307.392	-9730.574	423.1822	3.864438	1.09146
90	-16089.94	-16516.99	427.0506	0.2712786	0.7960546
96	-17752.46	-18179.39	426.9291	0.4219076	0.3101166
102	-16029.84	-16456.87	427.0261	0.087902	1.02765
108	-10527.31	-10952.09	424.7797	2.668867	0.4868549
114	-17991.1	-18418.43	427.3341	0.1145912	0.5117629
120	-18937.64	-19362.82	425.1866	1.132584	0.06811078
126	-15147.33	-15573.59	426.2658	1.132584	0.3574529
132	-14570.16	-14994.71	424.5521	2.177289	0.1120858
138	-17159.52	-17586.62	427.1005	0.3419502	0.5590719
144	-10720.61	-11145.47	424.8628	1.372281	1.726549
150	-14881.56	-15308.27	426.7156	0.4219408	1.004533
156	-10484.52	-10909.73	425.207	2.014212	0.9172617
162	-15417.46	-15843.77	426.3057	1.044228	0.309226
168	-14570.06	-14996.66	426.6031	0.7012084	0.8191635
174	-9675.792	-10100.27	424.4786	2.783287	0.8710575
180	-11519.55	-11945.06	425.5125	1.915497	0.6094181
186	-16402.9	-16829.93	427.0294	0.259606	0.8384196
192	-15786.39	-16213.04	426.6516	0.07890847	1.35922
198	-19074.23	-19501.62	427.3966	0.03284881	0.4076439
204	-18714.76	-19142.03	427.2652	0.1693411	0.419835
210	-11797.54	-12223.27	425.7248	1.673861	0.675611
216	-9260.137	-9682.281	422.1436	3.574652	2.077486
222	-9373.197	-9797.061	423.8636	3.494959	0.743681
228	-16621.57	-17048.59	427.0211	0.3890629	0.6523575
234	-18059.8	-18486.71	426.9122	0.4610831	0.3299049
240	-9671.024	-10094.45	423.4223	1.86442	2.356232
246	-16768.9	-17196.1	427.1988	0.2477364	0.535016
252	-10119.23	-10544.16	424.9286	2.517947	0.535016
258	-14168.33	-14594.4	426.0737	0.3151266	1.616893
264	-11762.41	-12185.26	422.8479	0.5326321	3.508346
270	-12633.85	-13059.76	425.9081	0.9158004	1.28416
276	-17622.42	-18049.55	427.1299	0.2896797	0.3884222
282	-11515.73	-11940.77	425.0337	1.145213	1.765946
288	-10556.08	-10981.24	425.1573	1.850591	1.126769
294	-18035.59	-18462.8	427.2067	0.2312523	0.4293995
300	-11701.61	-12126.72	425.107	1.015114	1.80539
306	-16152.89	-16579.95	427.064	0.1920118	0.877934
312	-16283.65	-16710.65	426.9955	0.1920118	0.9534249
318	-18153.23	-18579.86	426.6325	0.6055505	0.2414287
324	-16611.58	-17038.77	427.1939	0.2173887	0.6500181
330	-10224.64	-10649.68	425.0421	2.074657	1.024977
336	-9198.58	-9621.206	422.6262	2.956482	2.166177
342	-9451.649	-9875.811	424.1619	2.956482	1.023433
348	-15402.56	-15829.02	426.4528	0.9760501	0.4064865
354	-15316.29	-15743.1	426.8051	0.2806887	1.054792
360	-15860.95	-16288.02	427.0679	0.01793719	1.054792
366	-14274.38	-14700.79	426.4099	0.3600368	1.32788
372	-17652.5	-18079.56	427.063	0.3600368	0.3946326
378	-17070.75	-17496.02	425.2688	1.353159	0.0978354
384	-23433.58	-23859.39	425.8038	0.2846153	0.05240019
390	-16494.66	-16922.01	427.3504	0.05079229	0.6708855
396	-13396.8	-13822.19	425.3928	0.03232087	2.267932
402	-17259.19	-17686.47	427.2702	0.1477643	0.6349553
408	-9282.264	-9704.634	422.3699	4.98052	0.3095842
414	-11851.33	-12276.57	425.2364	0.7905943	1.870721
420	-15432.86	-15860.01	427.1505	0.05873101	0.9302634
426	-13635.67	-14061.46	425.7878	0.170816	1.917152
432	-20155.7	-20582.52	426.8123	0.1330398	0.1500781
438	-22067.12	-22492.91	425.7895	0.2530402	0.04979166
444	-10402.27	-10827.35	425.0783	2.367812	0.5385968
450	-17828.73	-18254.92	426.188	0.8415605	0.1698667
456	-10766.35	-11191.74	425.3943	1.886254	0.8488404
462	-13597.06	-14021.64	424.5813	0.1190908	2.721421
468	-10713.91	-11138.83	424.9203	2.513306	0.4174718
474	-11384.63	-11808.86	424.2313	0.8671501	2.474914
480	-9282.839	-9707.03	424.1916	3.239779	0.5995094
486	-12607.25	-13030.79	423.5401	0.1771682	3.311024
492	-10275.98	-10698.56	422.5777	1.139604	3.311024
498	-12352.33	-12778.18	425.846	1.139604	1.146665
504	-16466.54	-16893.58	427.0419	0.4037161	0.5416038
510	-16333.69	-16760.7	427.0133	0.4037161	0.6371507
516	-15834.26	-16261.17	426.9094	0.4269203	0.7762607
522	-12542.58	-12966.96	424.3717	0.5575093	2.5804
528	-15084.59	-15511.39	426.7994	0.08064519	1.237629
534	-10377.15	-10802.23	425.0836	1.911614	1.138103
540	-16033.6	-16460.63	427.0311	0.2553275	0.8415394
546	-15241.46	-15668.34	426.8744	0.4120869	0.8415394
552	-12921.42	-13346.47	425.0501	0.4120869	2.244103
558	-15890.27	-16317.24	426.9686	0.4539149	0.6239654
564	-18797.17	-19223.98	426.8102	0.3845052	0.2226715
570	-14423.09	-14849.76	426.6733	0.6882103	0.7391587
576	-15419.79	-15846.6	426.8083	0.1188961	1.197636
582	-18013.9	-18441.04	427.1401	0.2776902	0.3853309
588	-9574.553	-9997.741	423.1882	3.960302	0.205427
594	-9541.977	-9965.122	423.1451	4.154251	0.2739267
600	-14075.29	-14501.73	426.4423	0.949773	0.6880836
606	-17260.29	-17686.93	426.6363	0.723513	0.3175227
612	-15606.53	-16033.35	426.8136	0.5309702	0.7644905
618	-12624.96	-13051.01	426.0455	1.211024	0.8773471
624	-14693.28	-15120.04	426.7563	0.5707328	0.7890887
630	-15271.66	-15698.29	426.6343	0.1264168	1.335247
636	-12925.32	-13351.4	426.0863	0.8222606	1.213517
642	-11229.1	-11654.23	425.1255	2.247843	0.3299292
648	-17748.4	-18174.52	426.1196	0.9054699	0.1687114
654	-11681.62	-12107.31	425.6951	1.693238	0.6947601
660	-9316.052	-9740.266	424.2139	3.157382	0.7236476
666	-18948.04	-19374.9	426.8561	0.3717498	0.2367462
672	-15686.81	-16113.62	426.8145	0.6076044	0.6248076
678	-13202.99	-13629.17	426.1865	0.6990426	1.232999
684	-11040.81	-11466.38	425.5707	1.776386	0.7608388
690	-12295.59	-12721.32	425.7308	0.9921502	1.365186
696	-11732.43	-12155.1	422.6684	0.4313298	3.671475
702	-18787.35	-19214.67	427.3184	0.104899	0.3952405
708	-14017.91	-14444.22	426.3189	0.6595317	1.153007
714	-16266.82	-16693.9	427.0842	0.3313109	0.6407048
720	-15580.88	-16007.32	426.4348	0.985652	0.3899794
726	-14015.17	-14441.41	426.2427	1.192599	0.4219321
732	-20469.56	-20896.35	426.7898	0.230752	0.1675513
738	-14186.2	-14612.63	426.4293	0.9916892	0.6275882
744	-16140.82	-16567.68	426.8581	0.5901939	0.5181631
750	-13373.51	-13799.65	426.1362	1.305025	0.5646338
756	-16418.19	-16844.81	426.6261	0.7471566	0.3298074
762	-13476.29	-13900.98	424.6964	0.1986288	2.601568
768	-15407.27	-15833.9	426.6317	0.8151078	0.4681556
774	-10863.8	-11288.47	424.674	2.717509	0.3491107
780	-15118.45	-15545.08	426.6374	0.7744157	0.6489215
786	-11539.34	-11962.99	423.6485	0.7305315	2.916773
792	-18821.5	-19248.62	427.1192	0.1640881	0.2645859
798	-16658.96	-17085.59	426.6365	0.7559	0.3502135
804	-19546.84	-19974.11	427.2679	0.1166309	0.3413144
810	-20000.31	-20427.63	427.3225	0.06200958	0.3413144
816	-16718.24	-17145.23	426.9958	0.3121839	0.8144138
822	-19899.99	-20326.75	426.7537	0.3210525	0.1821319
828	-14656.27	-15082.81	426.5412	0.8969855	0.5767948
834	-15317.52	-15744.24	426.7228	0.7014921	0.6193645
840	-14433.98	-14860.36	426.376	1.072417	0.4849082
846	-13155.21	-13581.43	426.2258	1.072417	0.8268586
852	-14625.21	-15051.83	426.6242	0.6739948	0.8268586
858	-11560.91	-11986.34	425.4364	2.01237	0.4910833
864	-16638.47	-17065.04	426.5662	0.7982528	0.3216541
870	-11700.94	-12124.59	423.6555	0.8048746	2.867577
876	-9346.751	-9768.219	421.4685	5.862305	0.7838238
882	-11381.68	-11806.23	424.5426	1.161469	2.086829
888	-16343.69	-16770.43	426.7475	0.6978399	0.4587088
894	-9981.24	-10405.99	424.7489	2.160153	1.213071
900	-21309.01	-21734.97	425.9608	0.5109814	0.08148534
906	-18049.33	-18476.04	426.7071	0.5978059	0.2773849
912	-16970.54	-17397.31	426.7646	0.6184686	0.3398415
918	-9816.192	-10240.75	424.5529	2.824763	0.7131572
924	-12484.38	-12910.42	426.0367	1.047911	1.055995
930	-14436.75	-14863.3	426.5496	0.8228053	0.7218156
936	-16193.45	-16620.51	427.0511	0.04736026	1.042738
942	-15064.99	-15491.68	426.6918	0.4066863	1.042738
948	-12073.65	-12499.4	425.742	1.385848	1.014148
954	-11991.68	-12417.56	425.8821	1.387211	0.8623456
960	-16626.64	-17053.14	426.4912	0.8567997	0.3076687
966	-17146.35	-17573.48	427.1333	0.3156356	0.5014397
972	-11267.09	-11692.18	425.0888	2.347376	0.424339
978	-16352.3	-16779.3	426.9962	0.3541395	0.7560319
984	-16057.36	-16484.35	426.9907	0.3596325	0.7560319
990	-11918.13	-12343.8	425.6734	1.731911	0.662482
996	-17199.03	-17626.21	427.1803	0.239183	0.631364
