Iteration	Posterior	Likelihood	Prior	rate_log_sd	tree_length
0	-9378.526	-9800.638	422.1118	5.289236	0.6711462
6	-9501.26	-9922.987	421.7265	5.289236	0.1663675
12	-9432.747	-9853.735	420.9879	5.289236	1.696863
18	-9723.798	-10148.07	424.2669	3.159797	0.612985
24	-11057.25	-11482.76	425.5105	1.775755	0.8418592
30	-9249.786	-9671.92	422.1347	3.566913	2.088427
36	-10146.44	-10571.05	424.6125	1.778589	1.615204
42	-9348.137	-9771.453	423.3152	2.929803	1.719548
48	-10120.85	-10544.93	424.0859	3.107687	0.2222195
54	-9800.993	-10220.58	419.5845	1.122531	5.024727
60	-9679.439	-10103.72	424.2833	2.358715	1.428289
66	-10808.6	-11233.06	424.4599	1.401121	1.982742
72	-9495.462	-9918.09	422.6287	1.948941	2.796355
78	-10190.15	-10615.15	424.9929	1.946237	1.187342
84	-9245.102	-9668.229	423.1266	3.984174	1.030869
90	-10061.8	-10486.72	424.9128	2.171436	1.056349
96	-10633.23	-11058.57	425.3443	1.970364	0.805613
102	-9269.852	-9691.89	422.0376	4.2136	1.715211
108	-9280.86	-9703.356	422.4957	3.463447	1.916784
114	-9323.591	-9745.389	421.7987	3.91513	2.080383
120	-9218.042	-9637.851	419.8094	2.335701	4.218216
126	-10015.04	-10439.84	424.8003	2.648399	0.509555
132	-9307	-9730.507	423.5077	2.514435	1.874023
138	-11589.27	-12014.83	425.5608	1.88816	0.5004729
144	-9645.888	-10069.99	424.1065	1.812294	1.944044
150	-9835.727	-10260.48	424.753	2.644152	0.6785761
156	-12040.61	-12466.01	425.4024	0.8912608	1.685113
162	-9502.422	-9926.575	424.1529	2.76523	1.205387
168	-9507.195	-9930.831	423.636	3.715838	0.7537798
174	-12193.4	-12619.27	425.8704	1.399818	0.8611977
180	-10919.84	-11344.78	424.9408	2.447705	0.3457388
186	-9717.545	-10142.01	424.4679	2.76475	0.9045836
192	-10138.92	-10561.39	422.4718	1.606484	3.097134
198	-11187.47	-11612.59	425.1253	1.606484	1.358262
204	-13866.14	-14291.68	425.5411	1.757647	0.2736058
210	-9578.791	-10001.78	422.9871	4.443576	0.4104881
216	-9865.816	-10290.08	424.2627	2.76007	1.11336
222	-9370.332	-9792.927	422.5949	4.333181	1.196874
228	-9409.829	-9831.188	421.3591	4.427116	2.032549
234	-9658.772	-10082.87	424.1021	3.34622	0.518118
240	-11868.57	-12292.49	423.919	0.7750465	2.725312
246	-10605.38	-11028.82	423.4364	1.417368	2.627115
252	-10852.18	-11272	419.8225	0.7747647	5.085587
258	-11736.83	-12161.74	424.9146	1.321035	1.726161
264	-9545.402	-9969	423.5986	3.839821	0.431059
270	-11679.46	-12104.87	425.4098	2.038918	0.4897856
276	-11448.21	-11873.67	425.4685	1.968399	0.5817225
282	-10904.41	-11329.76	425.3494	1.968399	0.8014842
288	-9229.949	-9653.263	423.314	4.122113	0.5842648
294	-9533.014	-9957.045	424.0309	3.381714	0.3770922
300	-9472.182	-9896.738	424.5559	2.693415	0.8856497
306	-10438.51	-10861.64	423.1307	1.097898	3.007255
312	-9419.632	-9843.378	423.7466	3.054413	1.30277
318	-9869.486	-10290.54	421.0539	1.4529	4.012344
324	-9367.78	-9791.274	423.4943	3.745722	0.8962762
330	-9759.522	-10183.99	424.467	2.953125	0.6297689
336	-9470.018	-9893.676	423.6582	2.843249	1.534375
342	-9191.249	-9613.647	422.3974	3.144459	2.19265
348	-9693.475	-10117.81	424.3339	2.740208	1.065856
354	-9477.829	-9902.119	424.29	2.936957	0.9108887
360	-9520.584	-9944.622	424.0377	3.189229	0.9108887
366	-11668.91	-12094.4	425.4877	1.583087	1.068968
372	-9328.685	-9752.042	423.3567	3.716084	1.067134
378	-9555.055	-9978.99	423.9354	3.392346	0.7881118
384	-9353.68	-9775.662	421.982	5.463014	0.4572767
390	-12665.9	-13091.3	425.4047	1.924272	0.293328
396	-10519.98	-10945.21	425.2316	2.073326	0.8183098
402	-9378.14	-9802.039	423.8983	3.524499	0.623279
408	-15032.29	-15458.61	426.3241	1.067215	0.3489318
414	-12896.67	-13322.36	425.6898	0.5481358	1.724583
420	-12507.73	-12931.04	423.3078	0.2235525	3.420192
426	-9239.891	-9662.355	422.4634	2.812939	2.36279
432	-9833.172	-10257.65	424.474	2.10649	1.475162
438	-10285.39	-10710.47	425.0843	2.10649	0.9499394
444	-9289.499	-9713.064	423.565	3.728298	0.8330338
450	-9125.671	-9548.602	422.9303	4.508732	0.5736844
456	-9851.081	-10275.73	424.6446	2.79439	0.5736844
462	-9163.296	-9583.921	420.625	2.669766	3.558294
468	-10973.92	-11399.23	425.3172	2.125836	0.5562707
474	-9242.058	-9663.442	421.3844	3.51394	2.599548
480	-10152.73	-10577.49	424.7594	2.589048	0.7587471
486	-10638.09	-11063.05	424.9608	1.602739	1.487991
492	-11809.41	-12234.93	425.5183	1.221186	1.352155
498	-9419.043	-9842.012	422.9683	3.877166	1.266415
504	-9248.937	-9672.048	423.1113	3.734135	1.266415
510	-9510.677	-9932.798	422.1218	4.812455	0.1477362
516	-9571.559	-9995.093	423.5339	2.016652	2.187001
522	-9293.109	-9717.395	424.2859	2.930635	0.9223183
528	-9758.721	-10182.66	423.939	1.96884	1.951416
534	-14923.65	-15350.18	426.5329	0.890551	0.6214502
540	-11469.85	-11895.04	425.1897	2.22247	0.376404
546	-9639.82	-10063.67	423.8454	3.586488	0.4134027
552	-10211.48	-10636.4	424.9259	2.258161	0.9570586
558	-12703.27	-13129.23	425.9573	0.9019488	1.255005
564	-9281.6	-9704.571	422.9708	3.888397	1.255005
570	-9368.913	-9785.667	416.7538	8.727732	2.231621
576	-12480.16	-12905.06	424.9004	0.5811098	2.231621
582	-10064.4	-10488.54	424.1398	1.556414	2.09198
588	-9934.754	-10359.64	424.8864	2.451145	0.7745529
594	-10302.65	-10727.58	424.9272	2.502592	0.4085721
600	-13147.55	-13573.53	425.9793	1.450542	0.4085721
606	-12772.3	-13198.17	425.8656	0.6802744	1.501215
612	-11812.15	-12237.68	425.5278	1.2701	1.305305
618	-11111.96	-11537.1	425.1418	2.302815	0.4552439
624	-9458.889	-9880.001	421.1122	2.098086	3.607391
630	-11743.23	-12168.49	425.2557	2.173583	0.4073868
636	-9412.225	-9836.378	424.1534	3.155887	0.8127168
642	-13475.95	-13902.16	426.2146	1.094637	0.8127168
648	-9778.641	-10203.17	424.5243	2.908448	0.5952995
654	-10776.22	-11201.55	425.3337	1.963929	0.8276544
660	-10615.18	-11040.24	425.056	2.005425	1.077736
666	-11598.99	-12024.53	425.545	1.884034	0.6065188
672	-9490.146	-9914.316	424.1708	2.704734	1.241366
678	-9187.221	-9608.002	420.7808	2.789646	3.397299
684	-11888.25	-12314.15	425.899	1.452703	0.7540651
690	-9085.178	-9507.786	422.6079	2.655998	2.370701
696	-9423.302	-9847.37	424.067	3.279275	0.7619226
702	-9681.339	-10104.85	423.5134	2.047273	2.180453
708	-9266.544	-9688.9	422.3554	3.525157	1.969728
714	-11480.5	-11905.34	424.8431	1.037457	1.969728
720	-9219.714	-9642.023	422.309	4.781544	1.050312
726	-9899.826	-10324.53	424.7045	2.385997	1.050312
732	-10644.35	-11069.74	425.3924	1.883435	0.854515
738	-11449.7	-11875.36	425.6672	1.608588	0.854515
744	-9441.931	-9864.459	422.528	1.745177	2.980462
750	-9671.155	-10093.6	422.446	1.827188	2.980462
756	-10937.94	-11363.37	425.4318	1.941303	0.7206936
762	-9297.258	-9720.565	423.3066	3.968338	0.8555793
768	-9269.394	-9692.179	422.7847	4.655552	0.4370223
774	-9213.878	-9636.657	422.7794	4.655552	0.588262
780	-9327.852	-9748.778	420.9259	4.636499	2.179351
786	-12376.17	-12801.89	425.7263	1.343843	1.069636
792	-9973.329	-10397.92	424.5956	2.713686	0.8126698
798	-9667.614	-10091.37	423.76	3.623861	0.340672
804	-10368.83	-10793.93	425.1007	2.311636	0.6477093
810	-13473.36	-13899.63	426.2673	0.9896821	0.8767954
816	-9759.453	-10183.82	424.3715	2.885498	0.8767954
822	-9445.271	-9868.759	423.4887	3.440199	1.196105
828	-13375.84	-13802.14	426.3	1.080624	0.7082962
834	-9339.952	-9760.795	420.8429	5.655552	1.536575
840	-9519.448	-9942.664	423.2161	2.383749	2.155035
846	-9874.873	-10299.5	424.6303	2.383749	1.121221
852	-9252.256	-9675.236	422.9803	4.033761	1.121221
858	-9848.591	-10273.47	424.8834	2.298986	0.9588347
864	-9926.147	-10350.78	424.635	2.240943	1.240996
870	-10189.63	-10614.13	424.5053	1.64047	1.788966
876	-9657.904	-10082.13	424.2256	2.470125	1.386573
882	-9417.273	-9838.064	420.7914	6.567664	0.3168663
888	-11232.46	-11656.79	424.3316	1.135439	2.240943
894	-10408.15	-10832.11	423.9648	1.432177	2.285937
900	-9569.516	-9991.897	422.3812	2.480408	2.622235
906	-9490.939	-9913.234	422.2947	2.566971	2.622235
912	-9648.393	-10069.98	421.591	4.991839	0.0932228
918	-9242.62	-9665.053	422.4324	4.933177	0.7328716
924	-11144.21	-11569.63	425.4193	1.765624	0.956158
930	-13054.26	-13480.34	426.0811	1.031349	1.029227
936	-12294.22	-12720.01	425.7925	1.579596	0.7223323
942	-9382.961	-9804.263	421.302	5.989699	0.8350099
948	-10092.1	-10517	424.9028	2.440247	0.7665849
954	-9553.348	-9977.846	424.4987	2.844397	0.7665849
960	-9185.942	-9608.518	422.5758	3.531186	1.815775
966	-9546.933	-9971.15	424.2168	2.787276	1.130197
972	-9479.228	-9902.36	423.1314	2.275052	2.279853
978	-10079.78	-10504.38	424.603	1.874062	1.552412
984	-10599.59	-11024.59	424.9999	1.697195	1.385565
990	-11452.98	-11878.46	425.4873	1.343192	1.278732
996	-11850.07	-12275.71	425.6451	1.189396	1.275396
