Iteration	Posterior	Likelihood	Prior	rate_log_sd	tree_length
0	-4318.399	-4743.664	425.2649	1.941889	0.9329315
6	-4314.77	-4739.952	425.1821	1.886869	1.070712
12	-4351.96	-4777.131	425.1715	1.953486	1.016918
18	-4364.467	-4789.64	425.1728	1.929907	1.038667
24	-4383.55	-4808.692	425.142	1.898991	1.096681
30	-4365.559	-4790.699	425.1406	2.199348	0.7711274
36	-4344.261	-4769.444	425.1832	2.172504	0.7480326
42	-4335.042	-4760.19	425.1483	2.163175	0.8098146
48	-4309.249	-4734.446	425.1968	2.163175	0.7415771
54	-4344.896	-4770.08	425.1832	2.031889	0.9239065
60	-4354.287	-4779.571	425.2832	1.984934	0.863704
66	-4354.683	-4779.989	425.306	1.962091	0.863704
72	-4341.97	-4767.258	425.2882	1.98178	0.8615352
78	-4341.744	-4766.838	425.0947	1.979958	1.065389
84	-4352.127	-4777.259	425.1313	1.931203	1.076785
90	-4295.714	-4720.738	425.0244	1.805523	1.279222
96	-4291.393	-4716.664	425.2709	1.873563	0.997639
102	-4304.061	-4729.126	425.0653	1.873563	1.187563
108	-4310.752	-4735.224	424.4724	1.568575	1.861145
114	-4335.903	-4760.268	424.3651	1.62403	1.896455
120	-4310.728	-4733.523	422.7952	1.411129	3.020583
126	-4323.385	-4746.736	423.3512	1.563798	2.589186
132	-4361.833	-4785.622	423.7885	1.444089	2.390505
138	-4349.545	-4772.201	422.656	1.397796	3.11174
144	-4352.416	-4774.086	421.6699	1.293033	3.750514
150	-4291.413	-4713.688	422.275	1.234007	3.433281
156	-4297.305	-4720.488	423.1824	1.29868	2.855009
162	-4312.515	-4735.771	423.2562	1.325606	2.793861
168	-4308.681	-4732.418	423.7375	1.376569	2.465102
174	-4320.61	-4743.818	423.2078	1.411733	2.770861
180	-4312.902	-4737.539	424.6371	1.418371	1.851217
186	-4331.518	-4754.922	423.4038	1.541273	2.570557
192	-4329.401	-4752.939	423.5374	1.532971	2.492522
198	-4314.051	-4737.846	423.7949	1.511019	2.344014
204	-4319.197	-4743.004	423.8079	1.325206	2.453151
210	-4341.512	-4763.899	422.3876	1.311349	3.32181
216	-4341.689	-4764.539	422.8501	1.269377	3.072573
222	-4361.55	-4784.153	422.6031	1.516331	3.072573
228	-4340.685	-4762.55	421.8646	1.434331	3.555845
234	-4317.074	-4740.491	423.4164	1.458452	2.614052
240	-4319.218	-4742.602	423.3842	1.402989	2.668139
246	-4340.278	-4763.454	423.1762	1.275981	2.872529
252	-4354.438	-4777.787	423.3494	1.278253	2.765877
258	-4363.216	-4786.854	423.6383	1.328982	2.55675
264	-4325.829	-4749.762	423.9333	1.328982	2.371706
270	-4295.966	-4719.554	423.5877	1.373915	2.560265
276	-4293.029	-4716.867	423.8379	1.373665	2.403769
282	-4324.06	-4746.651	422.5904	1.280702	3.220221
288	-4319.488	-4742.751	423.263	1.396756	2.746278
294	-4327.657	-4752.126	424.469	1.685253	1.783081
300	-4309.619	-4734.374	424.7545	1.603211	1.639314
306	-4342.526	-4766.73	424.2043	1.567983	2.041803
312	-4340.475	-4765.141	424.6661	1.674341	1.651727
318	-4338.697	-4763.277	424.5793	1.741022	1.666158
324	-4348.436	-4773.31	424.8739	1.732674	1.455368
330	-4347.402	-4772.609	425.2068	1.746237	1.175295
336	-4362.359	-4787.505	425.1461	1.831045	1.154181
342	-4356.278	-4781.213	424.9345	1.658526	1.46568
348	-4378.69	-4803.108	424.4185	1.69632	1.810366
354	-4371.772	-4796.949	425.1777	1.784892	1.166897
360	-4352.331	-4777.263	424.9322	1.642884	1.479245
366	-4371.24	-4795.552	424.3118	1.568488	1.969846
372	-4380.622	-4803.814	423.1918	1.431549	2.768523
378	-4374.13	-4798.232	424.1025	1.50372	2.150874
384	-4374.815	-4798.9	424.0852	1.442592	2.201748
390	-4367.89	-4792.287	424.3971	1.545642	1.927879
396	-4381.643	-4805.99	424.3471	1.552725	1.956763
402	-4371.33	-4795.828	424.498	1.578625	1.836727
408	-4361.65	-4785.692	424.0422	1.448224	2.225892
414	-4356.481	-4781.132	424.6502	1.503843	1.783213
420	-4354.69	-4779.756	425.0662	1.745384	1.294159
426	-4349.281	-4774.255	424.9734	1.797511	1.327032
432	-4314.072	-4738.761	424.6887	1.636991	1.662278
438	-4328.966	-4754.063	425.0965	1.734729	1.27814
444	-4301.604	-4726.383	424.7792	1.661899	1.578831
450	-4318.97	-4743.56	424.5899	1.582511	1.770419
456	-4320.298	-4743.165	422.8669	1.377033	2.998035
462	-4329.73	-4753.094	423.3633	1.288192	2.751357
468	-4367.823	-4789.932	422.1095	1.261769	3.513731
474	-4386.228	-4810.256	424.0275	1.256977	2.357614
480	-4367.372	-4791.085	423.7136	1.351617	2.49569
486	-4376.612	-4799.848	423.2358	1.359756	2.785474
492	-4371.117	-4794.623	423.5058	1.490226	2.538856
498	-4343.391	-4766.761	423.3703	1.447442	2.6493
504	-4342.873	-4766.504	423.6303	1.468661	2.474599
510	-4308.352	-4732.142	423.7902	1.379171	2.430359
516	-4347.146	-4769.215	422.0697	1.304347	3.512146
522	-4365.351	-4789.668	424.3176	1.457935	2.039682
528	-4357.825	-4781.385	423.56	1.570081	2.455052
534	-4361.638	-4785.307	423.6686	1.461559	2.455052
540	-4320.11	-4744.593	424.4827	1.532567	1.878679
546	-4313.717	-4738.068	424.3512	1.509759	1.982795
552	-4306.664	-4731.391	424.7265	1.663768	1.615828
558	-4289.036	-4713.94	424.9038	1.667508	1.482147
564	-4319.562	-4744.567	425.005	1.657985	1.412064
570	-4318.669	-4743.432	424.7637	1.466784	1.729803
576	-4325.786	-4750	424.2145	1.499096	2.080529
582	-4317.804	-4741.847	424.043	1.35712	2.283915
588	-4333.613	-4757.333	423.7199	1.385434	2.470586
594	-4355.494	-4779.881	424.3867	1.500114	1.965534
600	-4319.167	-4744.027	424.8594	1.565017	1.591007
606	-4319.475	-4744.773	425.298	1.818425	1.025306
612	-4367.003	-4791.933	424.9299	1.731493	1.413327
618	-4317.103	-4741.771	424.6683	1.666148	1.655998
624	-4300.605	-4724.939	424.3348	1.533001	1.978232
630	-4301.485	-4725.611	424.126	1.525545	2.121257
636	-4291.235	-4715.747	424.5119	1.587569	1.820987
642	-4326.848	-4751.188	424.3407	1.530796	1.975775
648	-4323.741	-4747.606	423.8653	1.608204	2.236788
654	-4299.673	-4723.622	423.949	1.463134	2.276222
660	-4291.075	-4714.979	423.9041	1.456951	2.308924
666	-4348.102	-4771.472	423.3704	1.439463	2.654175
672	-4367.669	-4791.883	424.2141	1.467483	2.101561
678	-4359.301	-4783.334	424.0327	1.542062	2.17133
684	-4344.618	-4769.649	425.031	1.667634	1.384314
690	-4355.052	-4779.791	424.7391	1.792599	1.511878
696	-4331.143	-4756.054	424.9118	1.741334	1.419719
702	-4348.652	-4773.405	424.7527	1.798805	1.497046
708	-4351.488	-4775.328	423.8405	1.711343	2.186171
714	-4339.122	-4763.829	424.7067	1.711343	1.595677
720	-4341.156	-4765.682	424.5253	1.504494	1.868792
726	-4341.392	-4764.501	423.109	1.495887	2.779795
732	-4309.569	-4734.04	424.4701	1.5875	1.849756
738	-4283.373	-4707.643	424.2698	1.554077	2.007549
744	-4280.878	-4705.255	424.3766	1.595665	1.907896
750	-4306.64	-4731.777	425.1369	1.737591	1.242275
756	-4312.513	-4737.239	424.7252	1.624021	1.64542
762	-4318.5	-4743.495	424.9956	1.755154	1.343173
768	-4343.701	-4768.604	424.903	1.838605	1.350452
774	-4309.648	-4734.38	424.7322	1.61081	1.649888
780	-4327.336	-4752.125	424.7895	1.691778	1.549324
786	-4361.015	-4785.545	424.5301	1.677577	1.745837
792	-4349.687	-4773.482	423.7947	1.622482	2.272962
798	-4358.412	-4782.286	423.8739	1.652789	2.202501
804	-4366.999	-4792.042	425.0425	1.741974	1.316158
810	-4323.816	-4748.79	424.9742	1.741974	1.370558
816	-4367.959	-4792.875	424.9164	1.580445	1.537767
822	-4330.985	-4755.457	424.472	1.539722	1.881081
828	-4303.769	-4728.544	424.7751	1.595328	1.63014
834	-4299.572	-4723.377	423.8044	1.53126	2.325077
840	-4303.617	-4727.833	424.2158	1.631493	1.991921
846	-4344.964	-4768.294	423.3294	1.630158	2.561593
852	-4339.635	-4762.688	423.0535	1.62189	2.736731
858	-4315.016	-4738.72	423.7038	1.516831	2.398058
864	-4337.647	-4761.595	423.9482	1.543633	2.224974
870	-4359.89	-4784.307	424.4165	1.53677	1.92075
876	-4355.691	-4780.211	424.5207	1.673796	1.755041
882	-4356.33	-4780.672	424.3419	1.60242	1.926813
888	-4342.689	-4766.566	423.8778	1.442767	2.334716
894	-4339.257	-4763.226	423.9693	1.556758	2.202869
900	-4330.907	-4755.781	424.8746	1.659749	1.509873
906	-4331.351	-4756.282	424.9307	1.711888	1.427781
912	-4313.935	-4738.935	425.0006	1.574455	1.479256
918	-4306.325	-4731.191	424.866	1.634754	1.534858
924	-4317.998	-4743.035	425.0372	1.653736	1.390328
930	-4331.253	-4756.411	425.1581	1.6614	1.287746
936	-4355.578	-4780.534	424.9562	1.641735	1.461933
942	-4358.054	-4782.343	424.2895	1.560984	1.989804
948	-4338.058	-4762.332	424.2746	1.510937	2.03303
954	-4316.242	-4740.75	424.5079	1.718474	1.732685
960	-4328.621	-4753.595	424.9742	1.885297	1.254791
966	-4341.889	-4766.598	424.7095	1.698935	1.602612
972	-4354.542	-4778.962	424.4208	1.83295	1.7134
978	-4332.02	-4756.968	424.948	1.837726	1.315115
984	-4329.801	-4754.318	424.5178	1.662285	1.765118
990	-4315.944	-4740.926	424.9817	1.655107	1.432247
996	-4308.084	-4733.152	425.0686	1.692636	1.334774
