Iteration	Posterior	Likelihood	Prior	rate_log_sd	tree_length
0	-4725.541	-5150.379	424.8377	1.814026	1.420795
6	-4665.663	-5090.812	425.1496	2.080713	0.9072004
12	-4710.566	-5135.615	425.0486	2.181704	0.9072004
18	-4623.852	-5049.001	425.149	2.081311	0.9072004
24	-4668.875	-5094.047	425.1715	2.081311	0.8816332
30	-4649.646	-5074.692	425.046	2.057273	1.038077
36	-4661.549	-5086.669	425.1196	1.966834	1.054212
42	-4749.954	-5174.879	424.9251	2.099131	1.112032
48	-4720.743	-5145.426	424.6831	1.889484	1.48112
54	-4657.982	-5082.642	424.6598	1.912842	1.48112
60	-4636.584	-5061.614	425.0296	2.011829	1.096286
66	-4676.224	-5101.035	424.811	1.90943	1.367172
72	-4729.236	-5154.125	424.8898	2.015002	1.216739
78	-4679.669	-5104.626	424.957	1.947727	1.216739
84	-4651.056	-5076.132	425.0762	2.031613	1.033721
90	-4707.661	-5132.618	424.9572	2.029436	1.145725
96	-4779.135	-5204.17	425.0352	2.029436	1.074733
102	-4793.157	-5218.277	425.1199	2.208668	0.7869459
108	-4765.785	-5190.905	425.1199	2.208668	0.7869459
114	-4695.629	-5120.749	425.1199	2.208668	0.7869459
120	-4667.978	-5093.149	425.1717	2.211161	0.7044794
126	-4704.07	-5129.194	425.1236	2.129811	0.8809028
132	-4684.902	-5110.051	425.1488	2.026632	0.9660962
138	-4647.867	-5073.002	425.135	1.789255	1.200142
144	-4648.081	-5072.751	424.67	1.782853	1.5702
150	-4643.697	-5068.418	424.7208	1.793929	1.524524
156	-4618.588	-5041.751	423.1624	1.536813	2.722146
162	-4651.076	-5075.761	424.6853	1.722829	1.602876
168	-4663.623	-5086.705	423.082	1.681876	2.682438
174	-4691.632	-5114.058	422.4267	1.663965	3.089754
180	-4660.264	-5085.287	425.023	1.964628	1.144885
186	-4671.623	-5096.436	424.8131	1.944661	1.337552
192	-4661.751	-5086.143	424.3923	1.801266	1.755706
198	-4673.215	-5097.818	424.6035	1.589993	1.755706
204	-4678.85	-5103.135	424.2845	1.488323	2.041455
210	-4633.201	-5057.338	424.1373	1.635517	2.041455
216	-4663.208	-5085.675	422.4672	1.497275	3.16483
222	-4661.065	-5084.349	423.2839	1.635174	2.586692
228	-4741.854	-5165.825	423.9708	1.596731	2.176031
234	-4637.593	-5060.55	422.9565	1.46443	2.891474
240	-4612.349	-5034.136	421.7869	1.134048	3.774714
246	-4689.661	-5111.86	422.1988	1.259176	3.463124
252	-4659.568	-5083.48	423.9124	1.727189	2.129107
258	-4710.206	-5133.101	422.8943	1.529422	2.889792
264	-4762.845	-5186.451	423.6061	1.702748	2.34215
270	-4733.416	-5158.22	424.8043	1.708329	1.526045
276	-4720.261	-5144.404	424.1427	1.708329	1.989435
282	-4730.916	-5155.599	424.6835	1.744632	1.588279
288	-4721.254	-5145.519	424.265	1.744632	1.882555
294	-4736.538	-5160.817	424.2786	1.570471	1.990774
300	-4773.418	-5197.034	423.6157	1.555379	2.429305
306	-4726.397	-5150.645	424.2471	1.659633	1.952136
312	-4752.548	-5175.18	422.6318	1.334913	3.163538
318	-4730.37	-5153.091	422.7217	1.318229	3.120001
324	-4751.474	-5174.065	422.5904	1.449483	3.120001
330	-4723.425	-5148.088	424.6635	1.449483	1.811675
336	-4723.133	-5146.904	423.7707	1.444215	2.401668
342	-4779.456	-5203.727	424.2705	1.455356	2.072466
348	-4741.563	-5162.822	421.2585	1.507843	3.863691
354	-4716.582	-5135.646	419.0647	1.176112	5.282875
360	-4763.846	-5185.682	421.8361	1.548585	3.505898
366	-4764.834	-5188.675	423.8411	1.498821	2.322351
372	-4798.326	-5222.564	424.238	1.643897	1.968793
378	-4770.674	-5193.031	422.357	1.548495	3.199834
384	-4742.88	-5166.763	423.8826	1.827635	2.082778
390	-4719.566	-5144.672	425.1063	1.855948	1.167243
396	-4706.57	-5130.044	423.4741	1.678262	2.441092
402	-4634.395	-5057.383	422.9884	1.512519	2.843037
408	-4669.94	-5094.037	424.0963	1.514826	2.147638
414	-4636.142	-5060.254	424.1124	1.498731	2.147638
420	-4681.378	-5104.886	423.5077	1.440238	2.568807
426	-4680.817	-5104.098	423.281	1.556434	2.637198
432	-4724.243	-5147.391	423.1474	1.561838	2.71598
438	-4653.842	-5077.463	423.6211	1.757824	2.29745
444	-4655.121	-5079.663	424.5422	1.754401	1.683039
450	-4680.855	-5105.975	425.1199	1.815003	1.191009
456	-4723.958	-5149.105	425.1474	1.970336	1.02403
462	-4775.312	-5199.382	424.0703	1.866401	1.93197
468	-4693.466	-5117.917	424.4509	1.728549	1.765558
474	-4646.221	-5068.635	422.4135	1.409337	3.248762
480	-4670.554	-5094.356	423.8023	1.546736	2.316548
486	-4659.844	-5083.251	423.4069	1.546736	2.56523
492	-4662.297	-5084.863	422.5658	1.546736	3.076714
498	-4675.701	-5100.743	425.0425	1.712245	1.339996
504	-4690.064	-5114.902	424.8383	1.97836	1.29002
510	-4653.364	-5077.787	424.4234	1.850691	1.698982
516	-4682.979	-5106.713	423.7345	1.93644	2.108564
522	-4696.757	-5119.056	422.2996	1.93644	3.002792
528	-4668.86	-5091.38	422.5206	1.499656	3.131705
534	-4682.016	-5105.165	423.1494	1.799658	2.568088
540	-4655.695	-5079.447	423.7516	1.431828	2.421527
546	-4647.384	-5072.703	425.319	1.930063	0.8859292
552	-4624.46	-5047.391	422.9306	1.510375	2.879349
558	-4643.354	-5066.286	422.9319	1.510375	2.878545
564	-4715.971	-5139.035	423.0646	1.510375	2.798004
570	-4703.98	-5127.922	423.942	1.465975	2.27891
576	-4674.72	-5098.452	423.732	1.736269	2.240155
582	-4723.84	-5148.013	424.1729	1.642492	2.013209
588	-4697.955	-5122.05	424.0947	1.845435	1.929652
594	-4710.883	-5135.058	424.1743	1.595127	2.043686
600	-4704.971	-5129.71	424.7391	1.920201	1.414952
606	-4663.92	-5087.918	423.9986	1.920201	1.943988
612	-4633.435	-5058.295	424.8596	1.819731	1.399422
618	-4632.906	-5055.728	422.8216	1.711338	2.823545
624	-4625.261	-5047.323	422.0626	1.356604	3.485758
630	-4629.56	-5052.818	423.2577	1.670772	2.580835
636	-4684.746	-5107.867	423.121	1.385698	2.839491
642	-4663.902	-5086.974	423.0714	1.43534	2.839491
648	-4646.535	-5070.733	424.1981	1.450691	2.123049
654	-4686.862	-5111.331	424.4695	1.901162	1.629996
660	-4658.631	-5082.897	424.2659	1.942785	1.745126
666	-4713.324	-5138.139	424.815	1.661268	1.55299
672	-4729.717	-5154.481	424.7636	1.712683	1.55299
678	-4715.086	-5140.01	424.9248	1.710946	1.433042
684	-4733.498	-5158.269	424.7713	1.864487	1.433042
690	-4773.083	-5198.051	424.9672	1.668612	1.433042
696	-4862.282	-5287.135	424.8532	1.679672	1.510994
702	-4817.905	-5242.094	424.1891	1.646574	1.999695
708	-4720.522	-5144.86	424.3375	1.498148	1.999695
714	-4735.686	-5159.678	423.9916	1.844121	1.999695
720	-4667.853	-5092.744	424.8906	1.68025	1.482427
726	-4658.114	-5081.783	423.6686	1.68025	2.316667
732	-4678.738	-5102.294	423.5565	1.477769	2.515034
738	-4679.41	-5103.876	424.4665	1.645262	1.812545
744	-4664.505	-5088.555	424.0502	1.650759	2.088875
750	-4706.134	-5130.633	424.4985	1.565288	1.84555
756	-4703.934	-5128.532	424.5986	1.906621	1.531599
762	-4734.284	-5158.863	424.5794	1.598389	1.766705
768	-4794.371	-5219.153	424.7826	1.598389	1.622547
774	-4704.271	-5128.12	423.8495	1.328613	2.424898
780	-4684.014	-5107.758	423.7448	1.554837	2.34802
786	-4759.812	-5184.251	424.4392	1.807312	1.718498
792	-4774.743	-5199.497	424.7543	1.980624	1.355747
798	-4723.269	-5147.35	424.0811	1.666946	2.057864
804	-4652.809	-5077.537	424.7276	1.608335	1.654952
810	-4680.465	-5105.09	424.6256	1.931748	1.492594
816	-4778.867	-5203.661	424.7947	2.029742	1.283718
822	-4701.606	-5126.655	425.0492	2.143733	0.9477273
828	-4728.478	-5153.656	425.1772	2.143733	0.7973272
834	-4742.609	-5167.717	425.1079	2.099984	0.9317627
840	-4778.001	-5202.506	424.5047	2.099984	1.456786
846	-4753.707	-5178.195	424.4877	1.769915	1.710658
852	-4717.581	-5142.284	424.7027	1.759306	1.563497
858	-4691.549	-5116.734	425.1848	1.81102	1.13759
864	-4667.017	-5091.415	424.3977	1.74143	1.793606
870	-4644.538	-5069.016	424.4784	1.530251	1.883163
876	-4697.204	-5121.32	424.1158	1.570283	2.098633
882	-4756.829	-5181.067	424.2378	1.372375	2.148263
888	-4793.961	-5216.191	422.2302	1.221446	3.46685
894	-4752.605	-5175.994	423.3893	1.420173	2.654405
900	-4768.671	-5191.313	422.6419	1.464926	3.080082
906	-4771.065	-5193.786	422.7217	1.385203	3.080082
912	-4685.135	-5109.155	424.0204	1.536104	2.183202
918	-4650.507	-5074.992	424.4846	1.586051	1.840843
924	-4663.81	-5088.197	424.3871	1.683498	1.840843
930	-4684.908	-5109.219	424.311	1.759575	1.840843
936	-4709.409	-5133.465	424.0559	1.683921	2.063289
942	-4695.881	-5120.12	424.2392	1.574095	2.014596
948	-4687.482	-5112.267	424.7851	1.886021	1.405795
954	-4688.111	-5112.783	424.6725	1.886021	1.491732
960	-4670.631	-5095.061	424.4303	1.73254	1.777091
966	-4706.29	-5131.017	424.7271	1.73254	1.565259
972	-4620.418	-5044.294	423.8768	1.515089	2.289182
978	-4664.211	-5088.945	424.7337	1.881296	1.448942
984	-4638.26	-5062.388	424.1281	1.331894	2.245472
990	-4597.744	-5021.129	423.3853	1.360962	2.693282
996	-4622.625	-5045.883	423.2574	1.386523	2.755934
