Iteration	Posterior	Likelihood	Prior	rate_log_sd	tree_length
0	-6973.243	-7395.754	422.5118	2.203821	2.712072
6	-7254.929	-7677.89	422.9609	1.754742	2.712072
12	-7226.624	-7644.083	417.4597	1.657414	5.899971
18	-7034.677	-7456.895	422.2172	1.692826	3.197136
24	-7071.95	-7494.952	423.0016	1.717439	2.710008
30	-7021.91	-7444.235	422.3249	2.070847	2.906673
36	-7126.09	-7548.608	422.5185	1.851059	2.922486
42	-7396.397	-7820.352	423.9545	2.472899	1.588831
48	-7398.632	-7821.712	423.0805	2.141599	2.397142
54	-7372.509	-7795.842	423.3335	2.257355	2.160876
60	-7506.264	-7930.542	424.2781	2.76189	1.09756
66	-7511.089	-7935.159	424.0699	2.433231	1.53313
72	-7172.612	-7596.601	423.9889	2.514227	1.53313
78	-7068.246	-7487.302	419.0566	2.216433	4.709272
84	-7182.028	-7605.285	423.2565	1.914898	2.429074
90	-7330.816	-7753.545	422.7286	2.032646	2.684099
96	-7204.286	-7626.279	421.9927	2.171873	3.045579
102	-7253.646	-7675.564	421.9176	2.852705	2.678517
108	-7343.001	-7764.235	421.2346	2.392331	3.364187
114	-7622.551	-8046.443	423.892	2.721301	1.450235
120	-7679.965	-8103.599	423.6343	2.381953	1.878017
126	-7556.724	-7980.175	423.4514	2.235714	2.09794
132	-7394.402	-7816.354	421.9518	1.72122	3.337094
138	-7306.882	-7727.58	420.6978	1.632868	4.11273
144	-7518.546	-7938.89	420.3443	1.986355	4.11273
150	-7251.208	-7674.905	423.6968	2.080248	2.038664
156	-7221.474	-7645.218	423.7436	1.894975	2.129732
162	-7109.528	-7533.601	424.0727	1.994482	1.843216
168	-7156.934	-7580.813	423.8798	1.994482	1.973933
174	-7303.246	-7727.795	424.5495	2.223021	1.325799
180	-7410.664	-7834.606	423.9425	2.165422	1.815144
186	-7467.072	-7891.393	424.3207	1.978904	1.680927
192	-7266.95	-7689.939	422.9888	1.754955	2.694818
198	-7291.487	-7715.69	424.2037	1.824216	1.870054
204	-7566.834	-7991.533	424.6994	2.304445	1.130411
210	-7554.427	-7977.096	422.6685	2.277893	2.569738
216	-7487.846	-7911.267	423.4206	1.923435	2.319775
222	-7431.529	-7853.276	421.7468	1.60642	3.524254
228	-7399.789	-7820.17	420.381	1.606721	4.307335
234	-7524.968	-7947.238	422.2692	1.629394	3.203901
240	-7448.996	-7869.817	420.8217	2.238057	3.694565
246	-7566.154	-7987.431	421.2771	1.798863	3.685239
252	-7483.816	-7904.919	421.1029	1.973069	3.685239
258	-7548.06	-7970.748	422.6879	1.761362	2.874316
264	-7556.01	-7978.396	422.3858	1.761362	3.056015
270	-7534.039	-7956.354	422.315	2.02317	2.941399
276	-7576.712	-8000.149	423.4365	1.979815	2.273519
282	-7440.41	-7864.005	423.5954	1.911204	2.215454
288	-7430.796	-7854.522	423.7257	2.305407	1.867891
294	-7356.22	-7776.268	420.0482	2.589634	3.937363
300	-7321.129	-7745.701	424.5726	2.589634	0.979656
306	-7318.932	-7743.462	424.5301	2.483465	1.121667
312	-7238.524	-7662.68	424.1555	2.409207	1.487056
318	-7234.015	-7658.044	424.0287	2.232675	1.708028
324	-7282.264	-7705.676	423.4127	2.214288	2.137288
330	-7407.988	-7832.084	424.0966	2.301889	1.60986
336	-7528.986	-7953.006	424.0196	2.296328	1.669288
342	-7695.179	-8119.7	424.5211	2.70159	0.9155906
348	-7665.329	-8089.862	424.533	2.689714	0.9155906
354	-7492.83	-7917.057	424.2273	2.264218	1.541729
360	-7640.81	-8064.584	423.7736	2.467337	1.722467
366	-7644.899	-8068.87	423.9707	2.46661	1.58158
372	-7629.5	-8053.586	424.0857	2.489785	1.478943
378	-7629.328	-8052.878	423.5499	2.343039	1.96141
384	-7588.721	-8012.35	423.6292	2.263714	1.96141
390	-7678.176	-8102.11	423.9334	2.349281	1.692924
396	-7747.078	-8170.81	423.7319	2.349281	1.833577
402	-7699.485	-8122.625	423.1401	2.119957	2.373126
408	-7576.169	-7999.424	423.2551	1.951691	2.406755
414	-7713.792	-8137.788	423.9955	2.459591	1.568583
420	-7621.012	-8045.433	424.4215	2.384179	1.29899
426	-7573.431	-7997.891	424.4601	2.517599	1.153612
432	-7747.876	-8172.207	424.3309	2.453899	1.315901
438	-7642.889	-8067.526	424.637	2.536025	0.9684961
444	-7791.203	-8215.033	423.8301	2.920893	1.342993
450	-7839.357	-8262.381	423.0231	2.218953	2.384483
456	-7657.921	-8080.587	422.6659	1.943652	2.776928
462	-7708.981	-8132.17	423.1894	2.156465	2.318584
468	-7548.083	-7971.317	423.2346	2.23058	2.242174
474	-7509.813	-7931.081	421.2684	1.889381	3.637833
480	-7462.64	-7883.791	421.151	2.006791	3.637833
486	-7489.076	-7913.017	423.9408	2.253992	1.754821
492	-7486.027	-7910.137	424.1101	2.08468	1.754821
498	-7513.428	-7936.481	423.0525	2.08468	2.450646
504	-7443.441	-7864.299	420.8576	2.200627	3.695459
510	-7404.43	-7825.395	420.9648	1.98049	3.760696
516	-7458.137	-7880.332	422.195	2.174383	2.922556
522	-7369.804	-7793.926	424.1227	2.655052	1.321548
528	-7298.686	-7723.138	424.4521	2.65044	1.038821
534	-7338.122	-7762.052	423.9301	2.722629	1.41998
540	-7206.225	-7630.205	423.9804	2.588534	1.483914
546	-7353.64	-7777.279	423.6392	2.355138	1.89293
552	-7563.037	-7986.355	423.3172	2.46483	2.035375
558	-7371.154	-7795.254	424.1002	2.323249	1.591715
564	-7553.901	-7977.608	423.7071	2.290627	1.89065
570	-7524.267	-7947.489	423.2223	2.290627	2.2114
576	-7578.732	-8000.53	421.7985	2.233345	3.124817
582	-7668.792	-8092.457	423.6651	2.579971	1.719538
588	-7478.61	-7902.464	423.8536	2.007429	1.982787
594	-7593.575	-8017.716	424.1407	2.313238	1.569438
600	-7492.289	-7915.453	423.1638	2.23924	2.282083
606	-7386.005	-7809.487	423.4818	2.133485	2.144965
612	-7426.453	-7849.885	423.4318	2.099355	2.199569
618	-7421.417	-7844.031	422.6147	2.099355	2.713073
624	-7246.6	-7669.909	423.3097	2.042821	2.314353
630	-7338.686	-7760.29	421.6037	1.677312	3.566282
636	-7382.698	-7805.823	423.1247	1.677312	2.659017
642	-7144.537	-7567.557	423.02	1.938997	2.561884
648	-7090.588	-7512.242	421.6536	1.854883	3.433609
654	-7144.369	-7568.301	423.9327	2.24827	1.764505
660	-7296.511	-7720.843	424.3325	2.571573	1.217318
666	-7363.85	-7786.712	422.8618	1.756485	2.771587
672	-7446.682	-7869.403	422.7215	2.009241	2.702816
678	-7324.142	-7747.505	423.3634	1.896864	2.372989
684	-7113.789	-7537.736	423.9475	2.039063	1.898204
690	-7149.286	-7572.974	423.6878	2.289455	1.904556
696	-7332.688	-7756.951	424.263	2.49413	1.338057
702	-7357.208	-7780.119	422.9109	2.185439	2.476216
708	-7271.044	-7692.302	421.2581	1.996765	3.581508
714	-7467.924	-7891.974	424.0497	1.854454	1.95384
720	-7404.562	-7826.37	421.8086	1.866407	3.335917
726	-7381.597	-7804.476	422.8793	2.171966	2.504436
732	-7455.617	-7876.731	421.1143	1.966448	3.682455
738	-7512.284	-7934.85	422.5651	1.935143	2.843401
744	-7448.954	-7872.269	423.3148	1.814942	2.455282
750	-7423.043	-7844.686	421.6435	1.817924	3.461141
756	-7230.224	-7651.867	421.6435	1.817924	3.461141
762	-7264.689	-7688.007	423.3178	2.084543	2.282473
768	-7419.302	-7843.016	423.7143	2.327426	1.860653
774	-7377.851	-7801.43	423.5794	2.266179	1.993097
780	-7297.285	-7721.454	424.1691	2.266179	1.583108
786	-7422.699	-7846.829	424.1303	2.184454	1.670077
792	-7466.961	-7891.091	424.1303	2.184454	1.670077
798	-7436.983	-7861.117	424.1339	2.180859	1.670077
804	-7460.219	-7882.563	422.3448	2.474245	2.648542
810	-7445.761	-7869.982	424.2208	2.256139	1.5525
816	-7255.813	-7679.761	423.9478	2.458475	1.604216
822	-7109.703	-7531.224	421.5211	1.880436	3.496079
828	-7206.4	-7630.398	423.9981	1.940689	1.93051
834	-7209.636	-7633.689	424.0531	2.086523	1.793211
840	-7313.999	-7737.195	423.1952	2.004381	2.41133
846	-7151.032	-7574.617	423.5858	1.789453	2.299839
852	-7076.565	-7500.686	424.121	2.229328	1.644607
858	-7125.487	-7550.025	424.5382	2.090431	1.43854
864	-7080.182	-7501.32	421.1377	2.535426	3.337031
870	-7048.609	-7473.183	424.574	2.209772	1.316738
876	-7173.938	-7597.722	423.7834	1.921086	2.08652
882	-7161.829	-7585.477	423.6479	2.056635	2.08652
888	-7210.192	-7633.109	422.917	1.779746	2.723672
894	-7509.402	-7932.297	422.895	2.211868	2.469656
900	-7295.267	-7719.507	424.24	1.907611	1.787694
906	-7293.116	-7715.818	422.7019	1.918025	2.770625
912	-7269.275	-7693.23	423.9554	1.824729	2.036637
918	-7205.782	-7628.17	422.3876	1.824729	3.016982
924	-7114.915	-7538.81	423.8946	2.665378	1.49062
930	-7195.886	-7620.691	424.8052	2.318855	1.017895
936	-7179.536	-7603.623	424.087	1.98604	1.839157
942	-7009.63	-7431.359	421.7294	2.174784	3.20059
948	-6675.203	-7097.678	422.4747	1.558412	3.124021
954	-6782.363	-7206.418	424.0546	1.743649	2.024584
960	-6773.865	-7195.859	421.9938	1.675651	3.339174
966	-6608.762	-7030.045	421.2831	1.67359	3.754099
972	-6567.313	-6990.428	423.1147	1.952007	2.494775
978	-6580.483	-7002.221	421.7386	1.794459	3.419215
984	-6799.673	-7223.965	424.2917	2.139806	1.585809
990	-6974.246	-7398.23	423.984	2.488448	1.555794
996	-7014.824	-7437.289	422.4646	2.160537	2.767407
