Iteration	Posterior	Likelihood	Prior	rate_log_sd	tree_length
0	-4215.074	-4638.537	423.4636	1.285339	2.691615
6	-4206.271	-4630.912	424.6415	1.557211	1.752062
12	-4208.474	-4632.592	424.1183	1.602822	2.075584
18	-4219.999	-4644.34	424.3404	1.5191	1.983773
24	-4210.427	-4634.676	424.2483	1.573289	2.00907
30	-4201.817	-4626.451	424.6336	1.611861	1.719244
36	-4232.47	-4656.814	424.344	1.648483	1.894159
42	-4221.871	-4646.188	424.3169	1.535939	1.988209
48	-4224.336	-4648.706	424.3699	1.541534	1.948936
54	-4215.285	-4638.883	423.5981	1.484071	2.485094
60	-4237.016	-4660.379	423.363	1.453371	2.650156
66	-4219.874	-4643.289	423.4153	1.361521	2.674505
72	-4218.436	-4640.931	422.4953	1.390781	3.211359
78	-4216.664	-4639.638	422.9747	1.506888	2.854703
84	-4237.145	-4659.305	422.1599	1.436495	3.382076
90	-4241.894	-4665.203	423.3098	1.301584	2.775824
96	-4227.081	-4650.735	423.6542	1.393358	2.506777
102	-4220.906	-4643.679	422.7736	1.40164	3.039198
108	-4213.742	-4636.469	422.7273	1.272739	3.143719
114	-4231.457	-4653.269	421.8126	1.337358	3.642352
120	-4218.068	-4640.725	422.6571	1.446415	3.082088
126	-4221.94	-4646.103	424.1636	1.595261	2.05067
132	-4214.201	-4639.097	424.896	1.621897	1.522174
138	-4206.833	-4631.437	424.604	1.602152	1.746854
144	-4214.697	-4639.296	424.5994	1.627311	1.732465
150	-4216.096	-4640.747	424.6512	1.616454	1.703604
156	-4207.895	-4632.284	424.3893	1.491255	1.969718
162	-4185.04	-4609.449	424.4093	1.474389	1.967611
168	-4171.42	-4595.59	424.17	1.549425	2.07673
174	-4177.351	-4601.662	424.311	1.408356	2.07673
180	-4184.475	-4609.127	424.6528	1.648674	1.679531
186	-4213.697	-4638.12	424.4232	1.661227	1.83135
192	-4201.342	-4625.929	424.5863	1.605387	1.757017
198	-4200.215	-4624.729	424.5139	1.501965	1.878314
204	-4204.165	-4628.589	424.4241	1.594	1.876758
210	-4209.87	-4633.999	424.1286	1.558898	2.097705
216	-4189.278	-4613.461	424.1835	1.525145	2.083837
222	-4193.493	-4617.494	424.0006	1.536686	2.195596
228	-4195.774	-4619.442	423.6674	1.384744	2.503878
234	-4200.443	-4624.163	423.7201	1.467324	2.41898
240	-4189.134	-4613.687	424.5529	1.560804	1.811174
246	-4207.294	-4631.163	423.8698	1.506035	2.299485
252	-4226.223	-4650.19	423.9669	1.506035	2.237191
258	-4215.071	-4639.516	424.4448	1.506035	1.922421
264	-4200.371	-4624.255	423.8837	1.485727	2.303532
270	-4207.956	-4631.602	423.6455	1.571525	2.400331
276	-4201.429	-4625.674	424.2456	1.537356	2.034757
282	-4209.435	-4633.589	424.1538	1.523109	2.104685
288	-4232.477	-4656.67	424.1932	1.64074	2.000883
294	-4218.942	-4642.087	423.1444	1.385105	2.825634
300	-4218.976	-4642.145	423.1687	1.351714	2.831194
306	-4216.85	-4640.971	424.1208	1.457761	2.168822
312	-4204.115	-4628.208	424.0927	1.408909	2.21868
318	-4224.729	-4648.531	423.8018	1.525708	2.330245
324	-4210.956	-4635.87	424.914	1.713214	1.439648
330	-4218.411	-4643.251	424.8404	1.703522	1.502685
336	-4224.658	-4649.759	425.1011	1.751583	1.260442
342	-4230.528	-4655.287	424.7591	1.756541	1.523839
348	-4226.733	-4651.467	424.7343	1.659361	1.61333
354	-4226.613	-4651.365	424.752	1.659361	1.600483
360	-4221.929	-4646.536	424.6066	1.572645	1.765674
366	-4227.561	-4652.207	424.6459	1.635734	1.693694
372	-4223.289	-4647.912	424.6236	1.643321	1.704093
378	-4230.853	-4654.494	423.6417	1.426716	2.493723
384	-4215.861	-4640.514	424.6535	1.488564	1.791533
390	-4210.242	-4634.64	424.3982	1.540936	1.930334
396	-4209.113	-4633.661	424.5486	1.745027	1.685151
402	-4200.353	-4625.484	425.1312	1.780442	1.210877
408	-4213.513	-4638.512	424.9981	1.743074	1.350818
414	-4202.264	-4627.262	424.9981	1.743074	1.350818
420	-4206.338	-4631.343	425.0045	1.755983	1.335406
426	-4215.471	-4640.481	425.0099	1.747286	1.338041
432	-4214.955	-4640.146	425.1908	1.859951	1.08773
438	-4226.316	-4651.432	425.1158	1.823603	1.187115
444	-4208.195	-4633.159	424.9641	1.696915	1.413625
450	-4208.629	-4633.435	424.8064	1.622789	1.587558
456	-4202.242	-4626.449	424.2067	1.519861	2.071988
462	-4178.791	-4602.952	424.161	1.538507	2.089814
468	-4181.274	-4605.812	424.5382	1.49735	1.86485
474	-4206.505	-4630.987	424.4822	1.584252	1.843698
480	-4228.921	-4653.447	424.5264	1.644155	1.771748
486	-4222.432	-4646.88	424.4482	1.599722	1.856419
492	-4206.371	-4630.62	424.2481	1.644677	1.961508
498	-4199.939	-4623.846	423.907	1.512622	2.271398
504	-4200.371	-4623.484	423.1131	1.517173	2.764309
510	-4190.868	-4614.152	423.2845	1.368275	2.750535
516	-4192.914	-4616.849	423.9353	1.465776	2.283335
522	-4197.48	-4620.888	423.4087	1.491482	2.598385
528	-4205.885	-4629.385	423.5001	1.400078	2.598385
534	-4209.057	-4632.557	423.5001	1.400078	2.598385
540	-4194.804	-4619.208	424.4039	1.494901	1.957432
546	-4205.752	-4630.476	424.7236	1.616908	1.651671
552	-4197.618	-4621.957	424.3391	1.624733	1.913622
558	-4201.981	-4626.569	424.588	1.65142	1.723473
564	-4213.688	-4638.479	424.7918	1.519443	1.672587
570	-4194.416	-4617.702	423.2859	1.497815	2.670265
576	-4192.747	-4616.741	423.994	1.425132	2.271763
582	-4211.42	-4635.778	424.3577	1.45881	2.012487
588	-4228.386	-4652.689	424.3029	1.513519	2.012487
594	-4209.17	-4633.394	424.2236	1.587409	2.016123
600	-4218.068	-4642.989	424.9215	1.692508	1.449716
606	-4211.289	-4636.221	424.9326	1.687797	1.444816
612	-4225.866	-4650.859	424.9927	1.655387	1.423546
618	-4231.11	-4655.903	424.7936	1.74053	1.510027
624	-4231.246	-4656.175	424.9297	1.788879	1.368691
630	-4238.661	-4663.448	424.787	1.744882	1.511687
636	-4225.895	-4650.832	424.9373	1.802271	1.352067
642	-4220.766	-4645.933	425.1671	1.807516	1.156412
648	-4214.072	-4639.173	425.1004	1.807516	1.214023
654	-4210.571	-4635.845	425.2732	1.807516	1.059669
660	-4204.269	-4629.246	424.9771	1.873013	1.262549
666	-4219.748	-4644.907	425.1586	1.840148	1.134939
672	-4224.246	-4649.561	425.3154	1.882017	0.9430102
678	-4215.074	-4640.407	425.3323	1.953228	0.8427309
684	-4215.629	-4640.904	425.2757	2.135094	0.6510824
690	-4212.751	-4637.913	425.1612	2.249547	0.6510824
696	-4216.34	-4641.527	425.187	2.223779	0.6510824
702	-4233.292	-4658.481	425.1894	2.223779	0.645769
708	-4218.752	-4643.94	425.188	2.22281	0.6511113
714	-4214.495	-4639.707	425.2119	2.211822	0.6207308
720	-4205.553	-4630.746	425.1923	2.197879	0.6914505
726	-4211.6	-4636.79	425.1908	2.19938	0.6914505
732	-4207.82	-4633.083	425.2632	2.106833	0.7256753
738	-4191.297	-4616.612	425.3148	2.04885	0.7358523
744	-4200.949	-4626.26	425.3114	2.052231	0.7358523
750	-4193.117	-4618.343	425.2257	2.160676	0.6982281
756	-4200.815	-4626.003	425.1887	2.157711	0.7617886
762	-4198.645	-4623.781	425.1354	2.157711	0.8332449
768	-4193.291	-4618.518	425.2263	2.157711	0.7024921
774	-4199.091	-4624.345	425.2539	2.134486	0.6947421
780	-4192.852	-4618.08	425.2285	1.975075	0.9364035
786	-4208.204	-4633.439	425.2351	2.034132	0.8623609
792	-4205.242	-4630.437	425.1948	2.121624	0.8033521
798	-4193.772	-4618.984	425.2115	2.170272	0.7063095
804	-4200.751	-4625.954	425.2033	2.178462	0.7063095
810	-4194.6	-4619.786	425.1856	2.179367	0.7336983
816	-4182.623	-4607.874	425.2505	2.118261	0.727729
822	-4189.513	-4614.686	425.173	2.118261	0.8356432
828	-4210.9	-4636.059	425.1594	2.090288	0.8852041
834	-4208.348	-4633.645	425.2974	1.988759	0.8418765
840	-4185.745	-4610.785	425.0403	1.86144	1.219325
846	-4179.901	-4604.941	425.0403	1.86144	1.219325
852	-4200.083	-4624.947	424.8639	1.79	1.419101
858	-4199.306	-4623.635	424.3281	1.712696	1.861255
864	-4199.44	-4624.683	425.2432	1.795265	1.099039
870	-4213.72	-4638.491	424.7708	1.849616	1.444819
876	-4224.986	-4649.922	424.9361	1.758726	1.387299
882	-4209.993	-4634.792	424.7989	1.629174	1.588368
888	-4201.382	-4625.748	424.3662	1.548066	1.94708
894	-4205.821	-4630.14	424.3197	1.48346	2.021361
900	-4207.969	-4632.101	424.1322	1.48346	2.144718
906	-4205.633	-4628.505	422.8717	1.431174	2.962654
912	-4199.636	-4622.662	423.0254	1.327877	2.932266
918	-4207.896	-4631.335	423.4395	1.469617	2.592883
924	-4197.915	-4621.847	423.9327	1.393291	2.331257
930	-4200.68	-4623.192	422.5126	1.324741	3.240163
936	-4203.058	-4625.992	422.9339	1.281124	3.015376
942	-4189.334	-4612.721	423.3872	1.373812	2.68421
948	-4192.147	-4615.897	423.7501	1.452152	2.40968
954	-4191.349	-4615.524	424.1745	1.658217	2.001638
960	-4201.484	-4626.284	424.7991	1.684881	1.547322
966	-4201.471	-4626.301	424.8297	1.636827	1.560179
972	-4199.065	-4622.979	423.9135	1.519713	2.262692
978	-4212.781	-4635.987	423.2068	1.445323	2.750944
984	-4211.295	-4634.989	423.6946	1.435089	2.455293
990	-4220.686	-4644.313	423.6277	1.435299	2.497075
996	-4221.398	-4644.377	422.9796	1.172043	3.05334
