Iteration	Posterior	Likelihood	Prior	rate_log_sd	tree_length
0	-4268.617	-4693.675	425.0583	1.794029	1.260707
6	-4292.295	-4717.292	424.9972	2.01609	1.121861
12	-4249.197	-4674.545	425.3473	2.01609	0.7361796
18	-4266.091	-4691.38	425.289	1.949554	0.8979024
24	-4279.684	-4704.96	425.2756	2.073497	0.7579001
30	-4276.658	-4701.766	425.1078	1.93017	1.099476
36	-4286.992	-4712.055	425.0635	1.91541	1.15254
42	-4279.578	-4704.523	424.9452	1.724486	1.406873
48	-4294.815	-4719.425	424.6095	1.732051	1.650916
54	-4266.795	-4690.516	423.7208	1.505181	2.394653
60	-4271.277	-4694.91	423.6322	1.59818	2.391871
66	-4266.313	-4690.874	424.5614	1.496293	1.849695
72	-4277.244	-4700.926	423.6822	1.496293	2.424641
78	-4288.434	-4712.435	424.0012	1.637909	2.129404
84	-4290.699	-4714.744	424.0447	1.563293	2.149725
90	-4281.486	-4706.073	424.5875	1.629761	1.739054
96	-4259.887	-4684.126	424.2387	1.592448	2.002694
102	-4270.169	-4694.191	424.0218	1.581824	2.152521
108	-4258.855	-4683.11	424.255	1.475029	2.069703
114	-4256.424	-4679.356	422.9321	1.418678	2.933791
120	-4267.914	-4690.605	422.6908	1.348312	3.120471
126	-4267.822	-4691.689	423.8667	1.442306	2.342075
132	-4268.96	-4692.654	423.6935	1.537422	2.391527
138	-4259.339	-4682.43	423.0917	1.41289	2.84077
144	-4269.258	-4692.819	423.5611	1.287991	2.629975
150	-4274.218	-4698.548	424.3296	1.363636	2.093952
156	-4279.69	-4702.268	422.5778	1.487132	3.105104
162	-4269.215	-4693.088	423.8725	1.40799	2.360184
168	-4269.432	-4692.846	423.4144	1.283094	2.723206
174	-4275.57	-4699.364	423.7932	1.332821	2.457594
180	-4274.43	-4697.731	423.3015	1.550888	2.627961
186	-4306.283	-4729.869	423.5862	1.429948	2.526374
192	-4303.683	-4728.551	424.8672	1.81057	1.400619
198	-4290.174	-4714.532	424.3577	1.793375	1.785254
204	-4305.027	-4729.824	424.7976	1.671648	1.558158
210	-4278.111	-4702.335	424.2249	1.590697	2.013091
216	-4272.651	-4696.985	424.3343	1.481277	2.013091
222	-4265.089	-4688.225	423.136	1.513301	2.752642
228	-4270.46	-4693.624	423.1637	1.485639	2.752642
234	-4280.261	-4703.612	423.3518	1.501314	2.627482
240	-4262.241	-4686.107	423.8655	1.494385	2.309613
246	-4275.703	-4698.901	423.1976	1.248858	2.876023
252	-4270.778	-4693.898	423.1208	1.4159	2.821253
258	-4267.962	-4690.967	423.0054	1.273144	2.977245
264	-4271.958	-4693.726	421.7678	1.33944	3.667126
270	-4253.292	-4675.501	422.2086	1.393182	3.378897
276	-4251.394	-4673.88	422.4862	1.27647	3.284263
282	-4270.659	-4694.178	423.5183	1.328462	2.631399
288	-4268.069	-4691.18	423.1111	1.294226	2.90086
294	-4240.615	-4664.472	423.8562	1.488079	2.319564
300	-4241.272	-4665.15	423.8779	1.441356	2.33555
306	-4235.934	-4660.617	424.6832	1.694837	1.624664
312	-4232.75	-4657.474	424.7237	1.620378	1.649083
318	-4237.889	-4661.367	423.4774	1.422309	2.598699
324	-4235.78	-4659.86	424.0798	1.530232	2.148358
330	-4239.294	-4663.741	424.4468	1.542315	1.896507
336	-4258.536	-4682.967	424.4313	1.550505	1.901445
342	-4274.615	-4698.92	424.305	1.5503	1.986577
348	-4260.068	-4684.597	424.5295	1.508857	1.862942
354	-4267.041	-4690.6	423.5596	1.605609	2.432979
360	-4265.823	-4689.959	424.1358	1.437126	2.172519
366	-4261.793	-4685.934	424.1409	1.435765	2.170118
372	-4267.784	-4691.345	423.5611	1.475835	2.513392
378	-4286.554	-4710.331	423.7768	1.552226	2.329279
384	-4292.07	-4715.487	423.4166	1.320852	2.698663
390	-4294.873	-4718.115	423.2424	1.509196	2.689986
396	-4296.165	-4720.078	423.9128	1.503916	2.273315
402	-4295.533	-4719.587	424.0539	1.530716	2.164944
408	-4293.064	-4717.834	424.7697	1.643777	1.598981
414	-4288.757	-4713.671	424.9135	1.643777	1.492678
420	-4295.897	-4720.602	424.7049	1.742157	1.574453
426	-4294.521	-4718.458	423.9364	1.607913	2.191097
432	-4302.226	-4726.436	424.2103	1.559444	2.043503
438	-4312.714	-4736.225	423.5111	1.59561	2.469746
444	-4303.474	-4727.79	424.3151	1.504232	2.010611
450	-4289.587	-4712.981	423.394	1.416569	2.653752
456	-4309.089	-4732.476	423.3872	1.253513	2.757938
462	-4282.47	-4705.467	422.9967	1.335541	2.944948
468	-4289.805	-4713.217	423.4116	1.424558	2.637958
474	-4298.853	-4723.018	424.165	1.485097	2.12221
480	-4300.105	-4724.077	423.9725	1.595317	2.175841
486	-4288.737	-4712.409	423.672	1.407119	2.487041
492	-4283.102	-4706.401	423.2985	1.354102	2.750673
498	-4281.311	-4703.662	422.3511	1.206729	3.404727
504	-4274.474	-4697.327	422.8525	1.435017	2.971899
510	-4274.618	-4696.845	422.2274	1.407003	3.359782
516	-4277.07	-4700.565	423.4952	1.190883	2.730165
522	-4281.479	-4704.322	422.8435	1.257759	3.083422
528	-4260.603	-4683.02	422.4174	1.509655	3.187085
534	-4265.502	-4688.036	422.5342	1.392838	3.187085
540	-4287.894	-4710.662	422.7676	1.332332	3.084207
546	-4284.349	-4708.415	424.066	1.556753	2.140054
552	-4297.698	-4721.332	423.6339	1.691853	2.331391
558	-4294.823	-4719.409	424.5857	1.728596	1.670427
564	-4292.104	-4716.607	424.5031	1.751342	1.712925
570	-4274.77	-4699.019	424.2492	1.466006	2.079527
576	-4270.366	-4695.056	424.6907	1.635231	1.662118
582	-4254.243	-4679.145	424.902	1.74685	1.423014
588	-4263.325	-4688.215	424.8902	1.718878	1.45349
594	-4244.114	-4669.037	424.9232	1.682515	1.456028
600	-4263.074	-4688.009	424.9348	1.70979	1.426289
606	-4265.207	-4689.367	424.1601	1.624499	2.033646
612	-4259.732	-4683.199	423.4668	1.564086	2.517133
618	-4270.158	-4693.535	423.3762	1.555144	2.579105
624	-4260.023	-4684.005	423.9826	1.356587	2.322817
630	-4262.899	-4687.671	424.7714	1.582707	1.641888
636	-4265.364	-4689.702	424.3387	1.514552	1.98798
642	-4274.528	-4698.737	424.2087	1.526559	2.066304
648	-4285.845	-4709.205	423.3594	1.615235	2.552174
654	-4301.421	-4725.771	424.3495	1.600809	1.922762
660	-4305.284	-4729.963	424.6783	1.590642	1.702656
666	-4318.306	-4743.023	424.7171	1.628963	1.647656
672	-4296.999	-4721.603	424.6042	1.724228	1.66031
678	-4301.25	-4726.162	424.9115	1.712613	1.441958
684	-4261.72	-4686.74	425.0199	1.748767	1.328901
690	-4264.368	-4689.201	424.8337	1.720627	1.49491
696	-4272.415	-4696.82	424.4047	1.632111	1.863995
702	-4271.083	-4694.909	423.8251	1.826043	2.121563
708	-4273.111	-4697.34	424.2291	1.562161	2.029214
714	-4278.648	-4701.723	423.0754	1.420157	2.846289
720	-4265.355	-4687.937	422.5816	1.407326	3.150317
726	-4282.961	-4706.685	423.7239	1.496556	2.398158
732	-4292.419	-4716.278	423.8592	1.496556	2.31226
738	-4316.503	-4739.719	423.2156	1.314145	2.82548
744	-4323.601	-4746.95	423.349	1.336975	2.730264
750	-4313.9	-4736.077	422.1764	1.236973	3.489162
756	-4313.363	-4736.737	423.3739	1.445844	2.648088
762	-4298.625	-4722.905	424.2801	1.598053	1.971289
768	-4275.596	-4700.331	424.7347	1.705158	1.579711
774	-4285.732	-4709.371	423.6382	1.638152	2.362767
780	-4289.605	-4714.168	424.5624	1.670634	1.728028
786	-4296.589	-4720.031	423.4425	1.501466	2.571253
792	-4307.64	-4730.857	423.2172	1.29169	2.83816
798	-4316.698	-4739.837	423.139	1.331253	2.861586
804	-4310.903	-4734.218	423.3155	1.511619	2.64351
810	-4331.244	-4754.115	422.8709	1.486913	2.929564
816	-4345.449	-4768.584	423.1351	1.316238	2.873043
822	-4343.033	-4766.531	423.4983	1.459402	2.562727
828	-4335.594	-4759.566	423.9726	1.605538	2.169115
834	-4323.941	-4748.541	424.6004	1.756228	1.640095
840	-4334.579	-4758.228	423.6487	1.695688	2.319499
846	-4333.911	-4758.301	424.3895	1.654382	1.85919
852	-4329.869	-4754.198	424.3285	1.715313	1.85919
858	-4303.799	-4728.054	424.2548	1.494454	2.057028
864	-4301.007	-4724.774	423.7673	1.701751	2.239667
870	-4297.153	-4722.153	424.9994	1.893613	1.226678
876	-4288.771	-4713.924	425.1522	1.755688	1.21405
882	-4277.304	-4701.979	424.6752	1.706706	1.621876
888	-4272.144	-4696.819	424.6752	1.706706	1.621876
894	-4275.07	-4699.786	424.7158	1.666114	1.621876
900	-4300.937	-4725.777	424.8397	1.702412	1.504043
906	-4278.11	-4702.742	424.6324	1.648895	1.693919
912	-4297.532	-4720.72	423.1885	1.51622	2.718746
918	-4260.935	-4684.224	423.2891	1.326102	2.773464
924	-4260.62	-4684.715	424.0951	1.452118	2.18917
930	-4248.854	-4672.632	423.7783	1.498576	2.362464
936	-4264.783	-4688.587	423.8038	1.513028	2.337097
942	-4257.759	-4681.673	423.9141	1.475565	2.290598
948	-4253.751	-4677.093	423.3413	1.370799	2.714232
954	-4243.341	-4667.867	424.5262	1.555425	1.833273
960	-4234.762	-4659.189	424.4263	1.443606	1.976859
966	-4240.48	-4664.669	424.1892	1.457094	2.124733
972	-4275.353	-4699.181	423.8281	1.597083	2.267855
978	-4266.262	-4690.407	424.1453	1.548299	2.093735
984	-4272.367	-4696.617	424.25	1.588904	1.997531
990	-4285.456	-4709.527	424.0704	1.468863	2.19432
996	-4282.858	-4705.296	422.4381	1.22545	3.34264
